<?xml version="1.0" encoding="UTF-8"?>
<testsuite name="com.bridgelabz.iplAnalysis.IplAnalysisTest" tests="1" skipped="0" failures="0" errors="0" timestamp="2020-11-11T04:19:15" hostname="DESKTOP-RIBMOST" time="0.645">
  <properties/>
  <testcase name="givenBattingData_ShouldReturnPlayer_WithMaximumFourAndSix" classname="com.bridgelabz.iplAnalysis.IplAnalysisTest" time="0.645"/>
  <system-out><![CDATA[After:[IPLData1{POS=98, PLAYER='Shakib Al Hasan', Mat=3, Inns=1, NO=0, Runs=9, HS='9', Avg='9', BF='10', SR='90.0', Century='0', Fifty='0', Fours='0', Sixs='0'}, IPLData1{POS=100, PLAYER='Tim Southee', Mat=3, Inns=1, NO=1, Runs=9, HS='9', Avg='0', BF='9', SR='100.0', Century='0', Fifty='0', Fours='0', Sixs='0'}, IPLData1{POS=92, PLAYER='Bhuvneshwar Kumar', Mat=15, Inns=5, NO=2, Runs=12, HS='7', Avg='4', BF='19', SR='63.15', Century='0', Fifty='0', Fours='1', Sixs='0'}, IPLData1{POS=93, PLAYER='Kuldeep Yadav', Mat=9, Inns=4, NO=2, Runs=12, HS='10', Avg='6', BF='8', SR='150.0', Century='0', Fifty='0', Fours='1', Sixs='0'}, IPLData1{POS=96, PLAYER='Carlos Brathwaite', Mat=2, Inns=2, NO=0, Runs=11, HS='6', Avg='5.5', BF='10', SR='110.0', Century='0', Fifty='0', Fours='1', Sixs='0'}, IPLData1{POS=99, PLAYER='Pawan Negi', Mat=7, Inns=4, NO=0, Runs=9, HS='5', Avg='2.25', BF='12', SR='75.0', Century='0', Fifty='0', Fours='1', Sixs='0'}, IPLData1{POS=81, PLAYER='Amit Mishra', Mat=11, Inns=4, NO=2, Runs=21, HS='8', Avg='10.5', BF='24', SR='87.5', Century='0', Fifty='0', Fours='2', Sixs='0'}, IPLData1{POS=83, PLAYER='Prayas Ray Barman', Mat=1, Inns=1, NO=0, Runs=19, HS='19', Avg='19', BF='24', SR='79.16', Century='0', Fifty='0', Fours='2', Sixs='0'}, IPLData1{POS=88, PLAYER='Alzarri Joseph', Mat=3, Inns=2, NO=2, Runs=15, HS='15', Avg='0', BF='13', SR='115.38', Century='0', Fifty='0', Fours='2', Sixs='0'}, IPLData1{POS=94, PLAYER='Rahul Chahar', Mat=13, Inns=4, NO=2, Runs=12, HS='10', Avg='6', BF='11', SR='109.09', Century='0', Fifty='0', Fours='2', Sixs='0'}, IPLData1{POS=95, PLAYER='Mitchell McClenaghan', Mat=5, Inns=4, NO=1, Runs=11, HS='10', Avg='3.66', BF='16', SR='68.75', Century='0', Fifty='0', Fours='2', Sixs='0'}, IPLData1{POS=91, PLAYER='Kagiso Rabada', Mat=12, Inns=4, NO=1, Runs=14, HS='9', Avg='4.66', BF='15', SR='93.33', Century='0', Fifty='0', Fours='0', Sixs='1'}, IPLData1{POS=74, PLAYER='Yusuf Pathan', Mat=10, Inns=8, NO=5, Runs=40, HS='16', Avg='13.33', BF='45', SR='88.88', Century='0', Fifty='0', Fours='1', Sixs='1'}, IPLData1{POS=84, PLAYER='Keemo Paul', Mat=8, Inns=6, NO=1, Runs=18, HS='7', Avg='3.6', BF='24', SR='75.0', Century='0', Fifty='0', Fours='1', Sixs='1'}, IPLData1{POS=85, PLAYER='Ben Cutting', Mat=3, Inns=3, NO=1, Runs=18, HS='13', Avg='9', BF='17', SR='105.88', Century='0', Fifty='0', Fours='1', Sixs='1'}, IPLData1{POS=86, PLAYER='Krishnappa Gowtham', Mat=7, Inns=4, NO=1, Runs=18, HS='9', Avg='6', BF='19', SR='94.73', Century='0', Fifty='0', Fours='1', Sixs='1'}, IPLData1{POS=87, PLAYER='Simran Singh', Mat=1, Inns=1, NO=0, Runs=16, HS='16', Avg='16', BF='17', SR='94.11', Century='0', Fifty='0', Fours='1', Sixs='1'}, IPLData1{POS=89, PLAYER='Siddhesh Lad', Mat=1, Inns=1, NO=0, Runs=15, HS='15', Avg='15', BF='13', SR='115.38', Century='0', Fifty='0', Fours='1', Sixs='1'}, IPLData1{POS=90, PLAYER='Shardul Thakur', Mat=10, Inns=3, NO=1, Runs=14, HS='12', Avg='7', BF='7', SR='200.0', Century='0', Fifty='0', Fours='1', Sixs='1'}, IPLData1{POS=97, PLAYER='Ishant Sharma', Mat=13, Inns=3, NO=3, Runs=10, HS='10', Avg='0', BF='3', SR='333.33', Century='0', Fifty='0', Fours='1', Sixs='1'}, IPLData1{POS=79, PLAYER='Rahul Tewatia', Mat=5, Inns=4, NO=3, Runs=26, HS='11', Avg='26', BF='22', SR='118.18', Century='0', Fifty='0', Fours='2', Sixs='1'}, IPLData1{POS=82, PLAYER='Harpreet Brar', Mat=2, Inns=1, NO=1, Runs=20, HS='20', Avg='0', BF='12', SR='166.66', Century='0', Fifty='0', Fours='2', Sixs='1'}, IPLData1{POS=80, PLAYER='Umesh Yadav', Mat=11, Inns=7, NO=5, Runs=25, HS='14', Avg='12.5', BF='25', SR='100.0', Century='0', Fifty='0', Fours='3', Sixs='1'}, IPLData1{POS=65, PLAYER='Deepak Hooda', Mat=11, Inns=7, NO=1, Runs=64, HS='20', Avg='10.66', BF='63', SR='101.58', Century='0', Fifty='0', Fours='5', Sixs='1'}, IPLData1{POS=66, PLAYER='Murali Vijay', Mat=2, Inns=2, NO=0, Runs=64, HS='38', Avg='32', BF='61', SR='104.91', Century='0', Fifty='0', Fours='6', Sixs='1'}, IPLData1{POS=67, PLAYER='Shreyas Gopal', Mat=14, Inns=7, NO=3, Runs=63, HS='19', Avg='15.75', BF='46', SR='136.95', Century='0', Fifty='0', Fours='8', Sixs='1'}, IPLData1{POS=57, PLAYER='Wriddhiman Saha', Mat=5, Inns=5, NO=0, Runs=86, HS='28', Avg='17.2', BF='53', SR='162.26', Century='0', Fifty='0', Fours='13', Sixs='1'}, IPLData1{POS=75, PLAYER='Rinku Singh', Mat=5, Inns=3, NO=1, Runs=37, HS='30', Avg='18.5', BF='34', SR='108.82', Century='0', Fifty='0', Fours='1', Sixs='2'}, IPLData1{POS=77, PLAYER='Chris Morris', Mat=9, Inns=6, NO=0, Runs=32, HS='17', Avg='5.33', BF='37', SR='86.48', Century='0', Fifty='0', Fours='1', Sixs='2'}, IPLData1{POS=76, PLAYER='Rashid Khan', Mat=15, Inns=8, NO=3, Runs=34, HS='17', Avg='6.8', BF='23', SR='147.82', Century='0', Fifty='0', Fours='2', Sixs='2'}, IPLData1{POS=69, PLAYER='Evin Lewis', Mat=3, Inns=3, NO=0, Runs=48, HS='32', Avg='16', BF='52', SR='92.3', Century='0', Fifty='0', Fours='4', Sixs='2'}, IPLData1{POS=70, PLAYER='Colin de Grandhomme', Mat=4, Inns=4, NO=1, Runs=46, HS='37', Avg='15.33', BF='49', SR='93.87', Century='0', Fifty='0', Fours='4', Sixs='2'}, IPLData1{POS=71, PLAYER='Piyush Chawla', Mat=13, Inns=5, NO=2, Runs=42, HS='14', Avg='14', BF='37', SR='113.51', Century='0', Fifty='0', Fours='4', Sixs='2'}, IPLData1{POS=68, PLAYER='Akshdeep Nath', Mat=8, Inns=5, NO=0, Runs=61, HS='24', Avg='12.2', BF='57', SR='107.01', Century='0', Fifty='0', Fours='5', Sixs='2'}, IPLData1{POS=54, PLAYER='Gurkeerat Mann Singh', Mat=3, Inns=3, NO=0, Runs=98, HS='65', Avg='32.66', BF='70', SR='140.0', Century='0', Fifty='1', Fours='11', Sixs='2'}, IPLData1{POS=47, PLAYER='Rahul Tripathi', Mat=8, Inns=7, NO=1, Runs=141, HS='50', Avg='23.5', BF='118', SR='119.49', Century='0', Fifty='1', Fours='13', Sixs='2'}, IPLData1{POS=78, PLAYER='Mitchell Santner', Mat=4, Inns=2, NO=1, Runs=32, HS='22', Avg='32', BF='23', SR='139.13', Century='0', Fifty='0', Fours='0', Sixs='3'}, IPLData1{POS=73, PLAYER='Shivam Dube', Mat=4, Inns=4, NO=1, Runs=40, HS='24', Avg='13.33', BF='33', SR='121.21', Century='0', Fifty='0', Fours='1', Sixs='3'}, IPLData1{POS=72, PLAYER='Ravichandran Ashwin', Mat=14, Inns=6, NO=1, Runs=42, HS='17', Avg='8.4', BF='28', SR='150.0', Century='0', Fifty='0', Fours='3', Sixs='3'}, IPLData1{POS=60, PLAYER='Dwayne Bravo', Mat=12, Inns=9, NO=4, Runs=80, HS='27', Avg='16', BF='66', SR='121.21', Century='0', Fifty='0', Fours='6', Sixs='3'}, IPLData1{POS=50, PLAYER='Axar Patel', Mat=14, Inns=12, NO=6, Runs=110, HS='26', Avg='18.33', BF='88', SR='125.0', Century='0', Fifty='0', Fours='10', Sixs='3'}, IPLData1{POS=55, PLAYER='Sam Curran', Mat=9, Inns=8, NO=4, Runs=95, HS='55', Avg='23.75', BF='55', SR='172.72', Century='0', Fifty='1', Fours='13', Sixs='3'}, IPLData1{POS=43, PLAYER='Kedar Jadhav', Mat=14, Inns=12, NO=3, Runs=162, HS='58', Avg='18', BF='169', SR='95.85', Century='0', Fifty='1', Fours='19', Sixs='3'}, IPLData1{POS=64, PLAYER='Jofra Archer', Mat=11, Inns=5, NO=3, Runs=67, HS='27', Avg='33.5', BF='40', SR='167.5', Century='0', Fifty='0', Fours='4', Sixs='4'}, IPLData1{POS=63, PLAYER='Stuart Binny', Mat=8, Inns=5, NO=2, Runs=70, HS='33', Avg='23.33', BF='40', SR='175.0', Century='0', Fifty='0', Fours='5', Sixs='4'}, IPLData1{POS=51, PLAYER='Ravindra Jadeja', Mat=16, Inns=9, NO=6, Runs=106, HS='31', Avg='35.33', BF='88', SR='120.45', Century='0', Fifty='0', Fours='7', Sixs='4'}, IPLData1{POS=48, PLAYER='Ben Stokes', Mat=9, Inns=9, NO=3, Runs=123, HS='46', Avg='20.5', BF='99', SR='124.24', Century='0', Fifty='0', Fours='8', Sixs='4'}, IPLData1{POS=52, PLAYER='Ishan Kishan', Mat=7, Inns=6, NO=0, Runs=101, HS='28', Avg='16.83', BF='100', SR='101.0', Century='0', Fifty='0', Fours='8', Sixs='4'}, IPLData1{POS=58, PLAYER='Colin Munro', Mat=4, Inns=4, NO=0, Runs=84, HS='40', Avg='21', BF='70', SR='120.0', Century='0', Fifty='0', Fours='9', Sixs='4'}, IPLData1{POS=42, PLAYER='Mandeep Singh', Mat=13, Inns=12, NO=8, Runs=165, HS='33', Avg='41.25', BF='120', SR='137.5', Century='0', Fifty='0', Fours='10', Sixs='4'}, IPLData1{POS=40, PLAYER='Sarfaraz Khan', Mat=8, Inns=5, NO=1, Runs=180, HS='67', Avg='45', BF='143', SR='125.87', Century='0', Fifty='1', Fours='19', Sixs='4'}, IPLData1{POS=27, PLAYER='Steve Smith', Mat=12, Inns=10, NO=2, Runs=319, HS='73', Avg='39.87', BF='275', SR='116.0', Century='0', Fifty='3', Fours='30', Sixs='4'}, IPLData1{POS=62, PLAYER='Liam Livingstone', Mat=4, Inns=4, NO=1, Runs=71, HS='44', Avg='23.66', BF='48', SR='147.91', Century='0', Fifty='0', Fours='6', Sixs='5'}, IPLData1{POS=45, PLAYER='Kane Williamson', Mat=9, Inns=9, NO=2, Runs=156, HS='70', Avg='22.28', BF='130', SR='120.0', Century='0', Fifty='1', Fours='12', Sixs='5'}, IPLData1{POS=44, PLAYER='Riyan Parag', Mat=7, Inns=5, NO=0, Runs=160, HS='50', Avg='32', BF='126', SR='126.98', Century='0', Fifty='1', Fours='17', Sixs='5'}, IPLData1{POS=39, PLAYER='Krunal Pandya', Mat=16, Inns=15, NO=4, Runs=183, HS='42', Avg='16.63', BF='150', SR='122.0', Century='0', Fifty='0', Fours='18', Sixs='5'}, IPLData1{POS=38, PLAYER='Colin Ingram', Mat=12, Inns=12, NO=2, Runs=184, HS='47', Avg='18.4', BF='154', SR='119.48', Century='0', Fifty='0', Fours='20', Sixs='5'}, IPLData1{POS=53, PLAYER='Yuvraj Singh', Mat=4, Inns=4, NO=0, Runs=98, HS='53', Avg='24.5', BF='75', SR='130.66', Century='0', Fifty='1', Fours='7', Sixs='6'}, IPLData1{POS=23, PLAYER='Manish Pandey', Mat=12, Inns=11, NO=3, Runs=344, HS='83', Avg='43', BF='263', SR='130.79', Century='0', Fifty='3', Fours='34', Sixs='6'}, IPLData1{POS=61, PLAYER='Sherfane Rutherford', Mat=7, Inns=7, NO=2, Runs=73, HS='28', Avg='14.6', BF='54', SR='135.18', Century='0', Fifty='0', Fours='2', Sixs='7'}, IPLData1{POS=56, PLAYER='Shimron Hetmyer', Mat=5, Inns=5, NO=0, Runs=90, HS='75', Avg='18', BF='73', SR='123.28', Century='0', Fifty='1', Fours='4', Sixs='7'}, IPLData1{POS=59, PLAYER='Martin Guptill', Mat=3, Inns=3, NO=0, Runs=81, HS='36', Avg='27', BF='53', SR='152.83', Century='0', Fifty='0', Fours='4', Sixs='7'}, IPLData1{POS=49, PLAYER='Mohammad Nabi', Mat=8, Inns=7, NO=1, Runs=115, HS='31', Avg='19.16', BF='76', SR='151.31', Century='0', Fifty='0', Fours='8', Sixs='7'}, IPLData1{POS=36, PLAYER='David Miller', Mat=10, Inns=10, NO=2, Runs=213, HS='59', Avg='26.62', BF='164', SR='129.87', Century='0', Fifty='1', Fours='19', Sixs='7'}, IPLData1{POS=30, PLAYER='Ambati Rayudu', Mat=17, Inns=17, NO=5, Runs=282, HS='57', Avg='23.5', BF='303', SR='93.06', Century='0', Fifty='1', Fours='20', Sixs='7'}, IPLData1{POS=46, PLAYER='Sunil Narine', Mat=12, Inns=9, NO=1, Runs=143, HS='47', Avg='17.87', BF='86', SR='166.27', Century='0', Fifty='0', Fours='17', Sixs='9'}, IPLData1{POS=19, PLAYER='Ajinkya Rahane', Mat=14, Inns=13, NO=1, Runs=393, HS='105', Avg='32.75', BF='285', SR='137.89', Century='1', Fifty='1', Fours='45', Sixs='9'}, IPLData1{POS=20, PLAYER='Suresh Raina', Mat=17, Inns=17, NO=1, Runs=383, HS='59', Avg='23.93', BF='314', SR='121.97', Century='0', Fifty='3', Fours='45', Sixs='9'}, IPLData1{POS=22, PLAYER='Prithvi Shaw', Mat=16, Inns=16, NO=0, Runs=353, HS='99', Avg='22.06', BF='264', SR='133.71', Century='0', Fifty='2', Fours='45', Sixs='9'}, IPLData1{POS=37, PLAYER='Marcus Stoinis', Mat=10, Inns=10, NO=6, Runs=211, HS='46', Avg='52.75', BF='156', SR='135.25', Century='0', Fifty='0', Fours='14', Sixs='10'}, IPLData1{POS=29, PLAYER='Shubman Gill', Mat=14, Inns=13, NO=4, Runs=296, HS='76', Avg='32.88', BF='238', SR='124.36', Century='0', Fifty='3', Fours='21', Sixs='10'}, IPLData1{POS=31, PLAYER='Robin Uthappa', Mat=12, Inns=11, NO=2, Runs=282, HS='67', Avg='31.33', BF='245', SR='115.1', Century='0', Fifty='1', Fours='28', Sixs='10'}, IPLData1{POS=12, PLAYER='Suryakumar Yadav', Mat=16, Inns=15, NO=2, Runs=424, HS='71', Avg='32.61', BF='324', SR='130.86', Century='0', Fifty='2', Fours='45', Sixs='10'}, IPLData1{POS=21, PLAYER='Parthiv Patel', Mat=14, Inns=14, NO=0, Runs=373, HS='67', Avg='26.64', BF='268', SR='139.17', Century='0', Fifty='2', Fours='48', Sixs='10'}, IPLData1{POS=15, PLAYER='Rohit Sharma', Mat=15, Inns=15, NO=1, Runs=405, HS='67', Avg='28.92', BF='315', SR='128.57', Century='0', Fifty='2', Fours='52', Sixs='10'}, IPLData1{POS=4, PLAYER='Shikhar Dhawan', Mat=16, Inns=16, NO=1, Runs=521, HS='97', Avg='34.73', BF='384', SR='135.67', Century='0', Fifty='5', Fours='64', Sixs='11'}, IPLData1{POS=34, PLAYER='Vijay Shankar', Mat=15, Inns=14, NO=2, Runs=244, HS='40', Avg='20.33', BF='193', SR='126.42', Century='0', Fifty='0', Fours='11', Sixs='12'}, IPLData1{POS=25, PLAYER='Sanju Samson', Mat=12, Inns=12, NO=2, Runs=342, HS='102', Avg='34.2', BF='230', SR='148.69', Century='1', Fifty='0', Fours='28', Sixs='13'}, IPLData1{POS=8, PLAYER='Virat Kohli', Mat=14, Inns=14, NO=0, Runs=464, HS='100', Avg='33.14', BF='328', SR='141.46', Century='1', Fifty='2', Fours='46', Sixs='13'}, IPLData1{POS=41, PLAYER='Nicholas Pooran', Mat=7, Inns=6, NO=0, Runs=168, HS='48', Avg='28', BF='107', SR='157.0', Century='0', Fifty='0', Fours='10', Sixs='14'}, IPLData1{POS=33, PLAYER='Dinesh Karthik', Mat=14, Inns=13, NO=5, Runs=253, HS='97', Avg='31.62', BF='173', SR='146.24', Century='0', Fifty='2', Fours='22', Sixs='14'}, IPLData1{POS=26, PLAYER='Mayank Agarwal', Mat=13, Inns=13, NO=0, Runs=332, HS='58', Avg='25.53', BF='234', SR='141.88', Century='0', Fifty='2', Fours='26', Sixs='14'}, IPLData1{POS=28, PLAYER='Jos Buttler', Mat=8, Inns=8, NO=0, Runs=311, HS='89', Avg='38.87', BF='205', SR='151.7', Century='0', Fifty='3', Fours='38', Sixs='14'}, IPLData1{POS=28, PLAYER='Jos Buttler', Mat=8, Inns=8, NO=0, Runs=311, HS='89', Avg='38.87', BF='205', SR='151.7', Century='0', Fifty='3', Fours='38', Sixs='14'}, IPLData1{POS=9, PLAYER='Shreyas Iyer', Mat=16, Inns=16, NO=1, Runs=463, HS='67', Avg='30.86', BF='386', SR='119.94', Century='0', Fifty='3', Fours='41', Sixs='14'}, IPLData1{POS=18, PLAYER='Faf du Plessis', Mat=12, Inns=12, NO=1, Runs=396, HS='96', Avg='36', BF='321', SR='123.36', Century='0', Fifty='3', Fours='36', Sixs='15'}, IPLData1{POS=35, PLAYER='Moeen Ali', Mat=11, Inns=10, NO=2, Runs=220, HS='66', Avg='27.5', BF='133', SR='165.41', Century='0', Fifty='2', Fours='16', Sixs='17'}, IPLData1{POS=10, PLAYER='Jonny Bairstow', Mat=10, Inns=10, NO=2, Runs=445, HS='114', Avg='55.62', BF='283', SR='157.24', Century='1', Fifty='2', Fours='48', Sixs='18'}, IPLData1{POS=17, PLAYER='Shane Watson', Mat=17, Inns=17, NO=0, Runs=398, HS='96', Avg='23.41', BF='312', SR='127.56', Century='0', Fifty='3', Fours='42', Sixs='20'}, IPLData1{POS=24, PLAYER='Nitish Rana', Mat=14, Inns=11, NO=1, Runs=344, HS='85', Avg='34.4', BF='235', SR='146.38', Century='0', Fifty='3', Fours='27', Sixs='21'}, IPLData1{POS=1, PLAYER='David Warner ', Mat=12, Inns=12, NO=2, Runs=692, HS='100', Avg='69.2', BF='481', SR='143.86', Century='1', Fifty='8', Fours='57', Sixs='21'}, IPLData1{POS=32, PLAYER='Kieron Pollard', Mat=16, Inns=14, NO=6, Runs=279, HS='83', Avg='34.87', BF='178', SR='156.74', Century='0', Fifty='1', Fours='14', Sixs='22'}, IPLData1{POS=14, PLAYER='Chris Lynn', Mat=13, Inns=13, NO=0, Runs=405, HS='82', Avg='31.15', BF='290', SR='139.65', Century='0', Fifty='4', Fours='41', Sixs='22'}, IPLData1{POS=13, PLAYER='MS Dhoni', Mat=15, Inns=12, NO=7, Runs=416, HS='84', Avg='83.2', BF='309', SR='134.62', Century='0', Fifty='3', Fours='22', Sixs='23'}, IPLData1{POS=3, PLAYER='Quinton de Kock', Mat=16, Inns=16, NO=1, Runs=529, HS='81', Avg='35.26', BF='398', SR='132.91', Century='0', Fifty='4', Fours='45', Sixs='25'}, IPLData1{POS=2, PLAYER='KL Rahul', Mat=14, Inns=14, NO=3, Runs=593, HS='100', Avg='53.9', BF='438', SR='135.38', Century='1', Fifty='6', Fours='49', Sixs='25'}, IPLData1{POS=11, PLAYER='AB de Villiers', Mat=13, Inns=13, NO=3, Runs=442, HS='82', Avg='44.2', BF='287', SR='154.0', Century='0', Fifty='5', Fours='31', Sixs='26'}, IPLData1{POS=7, PLAYER='Rishabh Pant', Mat=16, Inns=16, NO=3, Runs=488, HS='78', Avg='37.53', BF='300', SR='162.66', Century='0', Fifty='3', Fours='37', Sixs='27'}, IPLData1{POS=16, PLAYER='Hardik Pandya', Mat=16, Inns=15, NO=6, Runs=402, HS='91', Avg='44.66', BF='210', SR='191.42', Century='0', Fifty='1', Fours='28', Sixs='29'}, IPLData1{POS=6, PLAYER='Chris Gayle', Mat=13, Inns=13, NO=1, Runs=490, HS='99', Avg='40.83', BF='319', SR='153.6', Century='0', Fifty='4', Fours='45', Sixs='34'}, IPLData1{POS=5, PLAYER='Andre Russell', Mat=14, Inns=13, NO=4, Runs=510, HS='80', Avg='56.66', BF='249', SR='204.81', Century='0', Fifty='4', Fours='31', Sixs='52'}]
[{"POS":98,"PLAYER":"Shakib Al Hasan","Mat":3,"Inns":1,"NO":0,"Runs":9,"HS":"9","Avg":"9","BF":"10","SR":90.0,"Century":0,"Fifty":0,"Fours":0,"Sixs":0},{"POS":100,"PLAYER":"Tim Southee","Mat":3,"Inns":1,"NO":1,"Runs":9,"HS":"9","Avg":"0","BF":"9","SR":100.0,"Century":0,"Fifty":0,"Fours":0,"Sixs":0},{"POS":92,"PLAYER":"Bhuvneshwar Kumar","Mat":15,"Inns":5,"NO":2,"Runs":12,"HS":"7","Avg":"4","BF":"19","SR":63.15,"Century":0,"Fifty":0,"Fours":1,"Sixs":0},{"POS":93,"PLAYER":"Kuldeep Yadav","Mat":9,"Inns":4,"NO":2,"Runs":12,"HS":"10","Avg":"6","BF":"8","SR":150.0,"Century":0,"Fifty":0,"Fours":1,"Sixs":0},{"POS":96,"PLAYER":"Carlos Brathwaite","Mat":2,"Inns":2,"NO":0,"Runs":11,"HS":"6","Avg":"5.5","BF":"10","SR":110.0,"Century":0,"Fifty":0,"Fours":1,"Sixs":0},{"POS":99,"PLAYER":"Pawan Negi","Mat":7,"Inns":4,"NO":0,"Runs":9,"HS":"5","Avg":"2.25","BF":"12","SR":75.0,"Century":0,"Fifty":0,"Fours":1,"Sixs":0},{"POS":81,"PLAYER":"Amit Mishra","Mat":11,"Inns":4,"NO":2,"Runs":21,"HS":"8","Avg":"10.5","BF":"24","SR":87.5,"Century":0,"Fifty":0,"Fours":2,"Sixs":0},{"POS":83,"PLAYER":"Prayas Ray Barman","Mat":1,"Inns":1,"NO":0,"Runs":19,"HS":"19","Avg":"19","BF":"24","SR":79.16,"Century":0,"Fifty":0,"Fours":2,"Sixs":0},{"POS":88,"PLAYER":"Alzarri Joseph","Mat":3,"Inns":2,"NO":2,"Runs":15,"HS":"15","Avg":"0","BF":"13","SR":115.38,"Century":0,"Fifty":0,"Fours":2,"Sixs":0},{"POS":94,"PLAYER":"Rahul Chahar","Mat":13,"Inns":4,"NO":2,"Runs":12,"HS":"10","Avg":"6","BF":"11","SR":109.09,"Century":0,"Fifty":0,"Fours":2,"Sixs":0},{"POS":95,"PLAYER":"Mitchell McClenaghan","Mat":5,"Inns":4,"NO":1,"Runs":11,"HS":"10","Avg":"3.66","BF":"16","SR":68.75,"Century":0,"Fifty":0,"Fours":2,"Sixs":0},{"POS":91,"PLAYER":"Kagiso Rabada","Mat":12,"Inns":4,"NO":1,"Runs":14,"HS":"9","Avg":"4.66","BF":"15","SR":93.33,"Century":0,"Fifty":0,"Fours":0,"Sixs":1},{"POS":74,"PLAYER":"Yusuf Pathan","Mat":10,"Inns":8,"NO":5,"Runs":40,"HS":"16","Avg":"13.33","BF":"45","SR":88.88,"Century":0,"Fifty":0,"Fours":1,"Sixs":1},{"POS":84,"PLAYER":"Keemo Paul","Mat":8,"Inns":6,"NO":1,"Runs":18,"HS":"7","Avg":"3.6","BF":"24","SR":75.0,"Century":0,"Fifty":0,"Fours":1,"Sixs":1},{"POS":85,"PLAYER":"Ben Cutting","Mat":3,"Inns":3,"NO":1,"Runs":18,"HS":"13","Avg":"9","BF":"17","SR":105.88,"Century":0,"Fifty":0,"Fours":1,"Sixs":1},{"POS":86,"PLAYER":"Krishnappa Gowtham","Mat":7,"Inns":4,"NO":1,"Runs":18,"HS":"9","Avg":"6","BF":"19","SR":94.73,"Century":0,"Fifty":0,"Fours":1,"Sixs":1},{"POS":87,"PLAYER":"Simran Singh","Mat":1,"Inns":1,"NO":0,"Runs":16,"HS":"16","Avg":"16","BF":"17","SR":94.11,"Century":0,"Fifty":0,"Fours":1,"Sixs":1},{"POS":89,"PLAYER":"Siddhesh Lad","Mat":1,"Inns":1,"NO":0,"Runs":15,"HS":"15","Avg":"15","BF":"13","SR":115.38,"Century":0,"Fifty":0,"Fours":1,"Sixs":1},{"POS":90,"PLAYER":"Shardul Thakur","Mat":10,"Inns":3,"NO":1,"Runs":14,"HS":"12","Avg":"7","BF":"7","SR":200.0,"Century":0,"Fifty":0,"Fours":1,"Sixs":1},{"POS":97,"PLAYER":"Ishant Sharma","Mat":13,"Inns":3,"NO":3,"Runs":10,"HS":"10","Avg":"0","BF":"3","SR":333.33,"Century":0,"Fifty":0,"Fours":1,"Sixs":1},{"POS":79,"PLAYER":"Rahul Tewatia","Mat":5,"Inns":4,"NO":3,"Runs":26,"HS":"11","Avg":"26","BF":"22","SR":118.18,"Century":0,"Fifty":0,"Fours":2,"Sixs":1},{"POS":82,"PLAYER":"Harpreet Brar","Mat":2,"Inns":1,"NO":1,"Runs":20,"HS":"20","Avg":"0","BF":"12","SR":166.66,"Century":0,"Fifty":0,"Fours":2,"Sixs":1},{"POS":80,"PLAYER":"Umesh Yadav","Mat":11,"Inns":7,"NO":5,"Runs":25,"HS":"14","Avg":"12.5","BF":"25","SR":100.0,"Century":0,"Fifty":0,"Fours":3,"Sixs":1},{"POS":65,"PLAYER":"Deepak Hooda","Mat":11,"Inns":7,"NO":1,"Runs":64,"HS":"20","Avg":"10.66","BF":"63","SR":101.58,"Century":0,"Fifty":0,"Fours":5,"Sixs":1},{"POS":66,"PLAYER":"Murali Vijay","Mat":2,"Inns":2,"NO":0,"Runs":64,"HS":"38","Avg":"32","BF":"61","SR":104.91,"Century":0,"Fifty":0,"Fours":6,"Sixs":1},{"POS":67,"PLAYER":"Shreyas Gopal","Mat":14,"Inns":7,"NO":3,"Runs":63,"HS":"19","Avg":"15.75","BF":"46","SR":136.95,"Century":0,"Fifty":0,"Fours":8,"Sixs":1},{"POS":57,"PLAYER":"Wriddhiman Saha","Mat":5,"Inns":5,"NO":0,"Runs":86,"HS":"28","Avg":"17.2","BF":"53","SR":162.26,"Century":0,"Fifty":0,"Fours":13,"Sixs":1},{"POS":75,"PLAYER":"Rinku Singh","Mat":5,"Inns":3,"NO":1,"Runs":37,"HS":"30","Avg":"18.5","BF":"34","SR":108.82,"Century":0,"Fifty":0,"Fours":1,"Sixs":2},{"POS":77,"PLAYER":"Chris Morris","Mat":9,"Inns":6,"NO":0,"Runs":32,"HS":"17","Avg":"5.33","BF":"37","SR":86.48,"Century":0,"Fifty":0,"Fours":1,"Sixs":2},{"POS":76,"PLAYER":"Rashid Khan","Mat":15,"Inns":8,"NO":3,"Runs":34,"HS":"17","Avg":"6.8","BF":"23","SR":147.82,"Century":0,"Fifty":0,"Fours":2,"Sixs":2},{"POS":69,"PLAYER":"Evin Lewis","Mat":3,"Inns":3,"NO":0,"Runs":48,"HS":"32","Avg":"16","BF":"52","SR":92.3,"Century":0,"Fifty":0,"Fours":4,"Sixs":2},{"POS":70,"PLAYER":"Colin de Grandhomme","Mat":4,"Inns":4,"NO":1,"Runs":46,"HS":"37","Avg":"15.33","BF":"49","SR":93.87,"Century":0,"Fifty":0,"Fours":4,"Sixs":2},{"POS":71,"PLAYER":"Piyush Chawla","Mat":13,"Inns":5,"NO":2,"Runs":42,"HS":"14","Avg":"14","BF":"37","SR":113.51,"Century":0,"Fifty":0,"Fours":4,"Sixs":2},{"POS":68,"PLAYER":"Akshdeep Nath","Mat":8,"Inns":5,"NO":0,"Runs":61,"HS":"24","Avg":"12.2","BF":"57","SR":107.01,"Century":0,"Fifty":0,"Fours":5,"Sixs":2},{"POS":54,"PLAYER":"Gurkeerat Mann Singh","Mat":3,"Inns":3,"NO":0,"Runs":98,"HS":"65","Avg":"32.66","BF":"70","SR":140.0,"Century":0,"Fifty":1,"Fours":11,"Sixs":2},{"POS":47,"PLAYER":"Rahul Tripathi","Mat":8,"Inns":7,"NO":1,"Runs":141,"HS":"50","Avg":"23.5","BF":"118","SR":119.49,"Century":0,"Fifty":1,"Fours":13,"Sixs":2},{"POS":78,"PLAYER":"Mitchell Santner","Mat":4,"Inns":2,"NO":1,"Runs":32,"HS":"22","Avg":"32","BF":"23","SR":139.13,"Century":0,"Fifty":0,"Fours":0,"Sixs":3},{"POS":73,"PLAYER":"Shivam Dube","Mat":4,"Inns":4,"NO":1,"Runs":40,"HS":"24","Avg":"13.33","BF":"33","SR":121.21,"Century":0,"Fifty":0,"Fours":1,"Sixs":3},{"POS":72,"PLAYER":"Ravichandran Ashwin","Mat":14,"Inns":6,"NO":1,"Runs":42,"HS":"17","Avg":"8.4","BF":"28","SR":150.0,"Century":0,"Fifty":0,"Fours":3,"Sixs":3},{"POS":60,"PLAYER":"Dwayne Bravo","Mat":12,"Inns":9,"NO":4,"Runs":80,"HS":"27","Avg":"16","BF":"66","SR":121.21,"Century":0,"Fifty":0,"Fours":6,"Sixs":3},{"POS":50,"PLAYER":"Axar Patel","Mat":14,"Inns":12,"NO":6,"Runs":110,"HS":"26","Avg":"18.33","BF":"88","SR":125.0,"Century":0,"Fifty":0,"Fours":10,"Sixs":3},{"POS":55,"PLAYER":"Sam Curran","Mat":9,"Inns":8,"NO":4,"Runs":95,"HS":"55","Avg":"23.75","BF":"55","SR":172.72,"Century":0,"Fifty":1,"Fours":13,"Sixs":3},{"POS":43,"PLAYER":"Kedar Jadhav","Mat":14,"Inns":12,"NO":3,"Runs":162,"HS":"58","Avg":"18","BF":"169","SR":95.85,"Century":0,"Fifty":1,"Fours":19,"Sixs":3},{"POS":64,"PLAYER":"Jofra Archer","Mat":11,"Inns":5,"NO":3,"Runs":67,"HS":"27","Avg":"33.5","BF":"40","SR":167.5,"Century":0,"Fifty":0,"Fours":4,"Sixs":4},{"POS":63,"PLAYER":"Stuart Binny","Mat":8,"Inns":5,"NO":2,"Runs":70,"HS":"33","Avg":"23.33","BF":"40","SR":175.0,"Century":0,"Fifty":0,"Fours":5,"Sixs":4},{"POS":51,"PLAYER":"Ravindra Jadeja","Mat":16,"Inns":9,"NO":6,"Runs":106,"HS":"31","Avg":"35.33","BF":"88","SR":120.45,"Century":0,"Fifty":0,"Fours":7,"Sixs":4},{"POS":48,"PLAYER":"Ben Stokes","Mat":9,"Inns":9,"NO":3,"Runs":123,"HS":"46","Avg":"20.5","BF":"99","SR":124.24,"Century":0,"Fifty":0,"Fours":8,"Sixs":4},{"POS":52,"PLAYER":"Ishan Kishan","Mat":7,"Inns":6,"NO":0,"Runs":101,"HS":"28","Avg":"16.83","BF":"100","SR":101.0,"Century":0,"Fifty":0,"Fours":8,"Sixs":4},{"POS":58,"PLAYER":"Colin Munro","Mat":4,"Inns":4,"NO":0,"Runs":84,"HS":"40","Avg":"21","BF":"70","SR":120.0,"Century":0,"Fifty":0,"Fours":9,"Sixs":4},{"POS":42,"PLAYER":"Mandeep Singh","Mat":13,"Inns":12,"NO":8,"Runs":165,"HS":"33","Avg":"41.25","BF":"120","SR":137.5,"Century":0,"Fifty":0,"Fours":10,"Sixs":4},{"POS":40,"PLAYER":"Sarfaraz Khan","Mat":8,"Inns":5,"NO":1,"Runs":180,"HS":"67","Avg":"45","BF":"143","SR":125.87,"Century":0,"Fifty":1,"Fours":19,"Sixs":4},{"POS":27,"PLAYER":"Steve Smith","Mat":12,"Inns":10,"NO":2,"Runs":319,"HS":"73","Avg":"39.87","BF":"275","SR":116.0,"Century":0,"Fifty":3,"Fours":30,"Sixs":4},{"POS":62,"PLAYER":"Liam Livingstone","Mat":4,"Inns":4,"NO":1,"Runs":71,"HS":"44","Avg":"23.66","BF":"48","SR":147.91,"Century":0,"Fifty":0,"Fours":6,"Sixs":5},{"POS":45,"PLAYER":"Kane Williamson","Mat":9,"Inns":9,"NO":2,"Runs":156,"HS":"70","Avg":"22.28","BF":"130","SR":120.0,"Century":0,"Fifty":1,"Fours":12,"Sixs":5},{"POS":44,"PLAYER":"Riyan Parag","Mat":7,"Inns":5,"NO":0,"Runs":160,"HS":"50","Avg":"32","BF":"126","SR":126.98,"Century":0,"Fifty":1,"Fours":17,"Sixs":5},{"POS":39,"PLAYER":"Krunal Pandya","Mat":16,"Inns":15,"NO":4,"Runs":183,"HS":"42","Avg":"16.63","BF":"150","SR":122.0,"Century":0,"Fifty":0,"Fours":18,"Sixs":5},{"POS":38,"PLAYER":"Colin Ingram","Mat":12,"Inns":12,"NO":2,"Runs":184,"HS":"47","Avg":"18.4","BF":"154","SR":119.48,"Century":0,"Fifty":0,"Fours":20,"Sixs":5},{"POS":53,"PLAYER":"Yuvraj Singh","Mat":4,"Inns":4,"NO":0,"Runs":98,"HS":"53","Avg":"24.5","BF":"75","SR":130.66,"Century":0,"Fifty":1,"Fours":7,"Sixs":6},{"POS":23,"PLAYER":"Manish Pandey","Mat":12,"Inns":11,"NO":3,"Runs":344,"HS":"83","Avg":"43","BF":"263","SR":130.79,"Century":0,"Fifty":3,"Fours":34,"Sixs":6},{"POS":61,"PLAYER":"Sherfane Rutherford","Mat":7,"Inns":7,"NO":2,"Runs":73,"HS":"28","Avg":"14.6","BF":"54","SR":135.18,"Century":0,"Fifty":0,"Fours":2,"Sixs":7},{"POS":56,"PLAYER":"Shimron Hetmyer","Mat":5,"Inns":5,"NO":0,"Runs":90,"HS":"75","Avg":"18","BF":"73","SR":123.28,"Century":0,"Fifty":1,"Fours":4,"Sixs":7},{"POS":59,"PLAYER":"Martin Guptill","Mat":3,"Inns":3,"NO":0,"Runs":81,"HS":"36","Avg":"27","BF":"53","SR":152.83,"Century":0,"Fifty":0,"Fours":4,"Sixs":7},{"POS":49,"PLAYER":"Mohammad Nabi","Mat":8,"Inns":7,"NO":1,"Runs":115,"HS":"31","Avg":"19.16","BF":"76","SR":151.31,"Century":0,"Fifty":0,"Fours":8,"Sixs":7},{"POS":36,"PLAYER":"David Miller","Mat":10,"Inns":10,"NO":2,"Runs":213,"HS":"59","Avg":"26.62","BF":"164","SR":129.87,"Century":0,"Fifty":1,"Fours":19,"Sixs":7},{"POS":30,"PLAYER":"Ambati Rayudu","Mat":17,"Inns":17,"NO":5,"Runs":282,"HS":"57","Avg":"23.5","BF":"303","SR":93.06,"Century":0,"Fifty":1,"Fours":20,"Sixs":7},{"POS":46,"PLAYER":"Sunil Narine","Mat":12,"Inns":9,"NO":1,"Runs":143,"HS":"47","Avg":"17.87","BF":"86","SR":166.27,"Century":0,"Fifty":0,"Fours":17,"Sixs":9},{"POS":19,"PLAYER":"Ajinkya Rahane","Mat":14,"Inns":13,"NO":1,"Runs":393,"HS":"105","Avg":"32.75","BF":"285","SR":137.89,"Century":1,"Fifty":1,"Fours":45,"Sixs":9},{"POS":20,"PLAYER":"Suresh Raina","Mat":17,"Inns":17,"NO":1,"Runs":383,"HS":"59","Avg":"23.93","BF":"314","SR":121.97,"Century":0,"Fifty":3,"Fours":45,"Sixs":9},{"POS":22,"PLAYER":"Prithvi Shaw","Mat":16,"Inns":16,"NO":0,"Runs":353,"HS":"99","Avg":"22.06","BF":"264","SR":133.71,"Century":0,"Fifty":2,"Fours":45,"Sixs":9},{"POS":37,"PLAYER":"Marcus Stoinis","Mat":10,"Inns":10,"NO":6,"Runs":211,"HS":"46","Avg":"52.75","BF":"156","SR":135.25,"Century":0,"Fifty":0,"Fours":14,"Sixs":10},{"POS":29,"PLAYER":"Shubman Gill","Mat":14,"Inns":13,"NO":4,"Runs":296,"HS":"76","Avg":"32.88","BF":"238","SR":124.36,"Century":0,"Fifty":3,"Fours":21,"Sixs":10},{"POS":31,"PLAYER":"Robin Uthappa","Mat":12,"Inns":11,"NO":2,"Runs":282,"HS":"67","Avg":"31.33","BF":"245","SR":115.1,"Century":0,"Fifty":1,"Fours":28,"Sixs":10},{"POS":12,"PLAYER":"Suryakumar Yadav","Mat":16,"Inns":15,"NO":2,"Runs":424,"HS":"71","Avg":"32.61","BF":"324","SR":130.86,"Century":0,"Fifty":2,"Fours":45,"Sixs":10},{"POS":21,"PLAYER":"Parthiv Patel","Mat":14,"Inns":14,"NO":0,"Runs":373,"HS":"67","Avg":"26.64","BF":"268","SR":139.17,"Century":0,"Fifty":2,"Fours":48,"Sixs":10},{"POS":15,"PLAYER":"Rohit Sharma","Mat":15,"Inns":15,"NO":1,"Runs":405,"HS":"67","Avg":"28.92","BF":"315","SR":128.57,"Century":0,"Fifty":2,"Fours":52,"Sixs":10},{"POS":4,"PLAYER":"Shikhar Dhawan","Mat":16,"Inns":16,"NO":1,"Runs":521,"HS":"97","Avg":"34.73","BF":"384","SR":135.67,"Century":0,"Fifty":5,"Fours":64,"Sixs":11},{"POS":34,"PLAYER":"Vijay Shankar","Mat":15,"Inns":14,"NO":2,"Runs":244,"HS":"40","Avg":"20.33","BF":"193","SR":126.42,"Century":0,"Fifty":0,"Fours":11,"Sixs":12},{"POS":25,"PLAYER":"Sanju Samson","Mat":12,"Inns":12,"NO":2,"Runs":342,"HS":"102","Avg":"34.2","BF":"230","SR":148.69,"Century":1,"Fifty":0,"Fours":28,"Sixs":13},{"POS":8,"PLAYER":"Virat Kohli","Mat":14,"Inns":14,"NO":0,"Runs":464,"HS":"100","Avg":"33.14","BF":"328","SR":141.46,"Century":1,"Fifty":2,"Fours":46,"Sixs":13},{"POS":41,"PLAYER":"Nicholas Pooran","Mat":7,"Inns":6,"NO":0,"Runs":168,"HS":"48","Avg":"28","BF":"107","SR":157.0,"Century":0,"Fifty":0,"Fours":10,"Sixs":14},{"POS":33,"PLAYER":"Dinesh Karthik","Mat":14,"Inns":13,"NO":5,"Runs":253,"HS":"97","Avg":"31.62","BF":"173","SR":146.24,"Century":0,"Fifty":2,"Fours":22,"Sixs":14},{"POS":26,"PLAYER":"Mayank Agarwal","Mat":13,"Inns":13,"NO":0,"Runs":332,"HS":"58","Avg":"25.53","BF":"234","SR":141.88,"Century":0,"Fifty":2,"Fours":26,"Sixs":14},{"POS":28,"PLAYER":"Jos Buttler","Mat":8,"Inns":8,"NO":0,"Runs":311,"HS":"89","Avg":"38.87","BF":"205","SR":151.7,"Century":0,"Fifty":3,"Fours":38,"Sixs":14},{"POS":28,"PLAYER":"Jos Buttler","Mat":8,"Inns":8,"NO":0,"Runs":311,"HS":"89","Avg":"38.87","BF":"205","SR":151.7,"Century":0,"Fifty":3,"Fours":38,"Sixs":14},{"POS":9,"PLAYER":"Shreyas Iyer","Mat":16,"Inns":16,"NO":1,"Runs":463,"HS":"67","Avg":"30.86","BF":"386","SR":119.94,"Century":0,"Fifty":3,"Fours":41,"Sixs":14},{"POS":18,"PLAYER":"Faf du Plessis","Mat":12,"Inns":12,"NO":1,"Runs":396,"HS":"96","Avg":"36","BF":"321","SR":123.36,"Century":0,"Fifty":3,"Fours":36,"Sixs":15},{"POS":35,"PLAYER":"Moeen Ali","Mat":11,"Inns":10,"NO":2,"Runs":220,"HS":"66","Avg":"27.5","BF":"133","SR":165.41,"Century":0,"Fifty":2,"Fours":16,"Sixs":17},{"POS":10,"PLAYER":"Jonny Bairstow","Mat":10,"Inns":10,"NO":2,"Runs":445,"HS":"114","Avg":"55.62","BF":"283","SR":157.24,"Century":1,"Fifty":2,"Fours":48,"Sixs":18},{"POS":17,"PLAYER":"Shane Watson","Mat":17,"Inns":17,"NO":0,"Runs":398,"HS":"96","Avg":"23.41","BF":"312","SR":127.56,"Century":0,"Fifty":3,"Fours":42,"Sixs":20},{"POS":24,"PLAYER":"Nitish Rana","Mat":14,"Inns":11,"NO":1,"Runs":344,"HS":"85","Avg":"34.4","BF":"235","SR":146.38,"Century":0,"Fifty":3,"Fours":27,"Sixs":21},{"POS":1,"PLAYER":"David Warner ","Mat":12,"Inns":12,"NO":2,"Runs":692,"HS":"100","Avg":"69.2","BF":"481","SR":143.86,"Century":1,"Fifty":8,"Fours":57,"Sixs":21},{"POS":32,"PLAYER":"Kieron Pollard","Mat":16,"Inns":14,"NO":6,"Runs":279,"HS":"83","Avg":"34.87","BF":"178","SR":156.74,"Century":0,"Fifty":1,"Fours":14,"Sixs":22},{"POS":14,"PLAYER":"Chris Lynn","Mat":13,"Inns":13,"NO":0,"Runs":405,"HS":"82","Avg":"31.15","BF":"290","SR":139.65,"Century":0,"Fifty":4,"Fours":41,"Sixs":22},{"POS":13,"PLAYER":"MS Dhoni","Mat":15,"Inns":12,"NO":7,"Runs":416,"HS":"84","Avg":"83.2","BF":"309","SR":134.62,"Century":0,"Fifty":3,"Fours":22,"Sixs":23},{"POS":3,"PLAYER":"Quinton de Kock","Mat":16,"Inns":16,"NO":1,"Runs":529,"HS":"81","Avg":"35.26","BF":"398","SR":132.91,"Century":0,"Fifty":4,"Fours":45,"Sixs":25},{"POS":2,"PLAYER":"KL Rahul","Mat":14,"Inns":14,"NO":3,"Runs":593,"HS":"100","Avg":"53.9","BF":"438","SR":135.38,"Century":1,"Fifty":6,"Fours":49,"Sixs":25},{"POS":11,"PLAYER":"AB de Villiers","Mat":13,"Inns":13,"NO":3,"Runs":442,"HS":"82","Avg":"44.2","BF":"287","SR":154.0,"Century":0,"Fifty":5,"Fours":31,"Sixs":26},{"POS":7,"PLAYER":"Rishabh Pant","Mat":16,"Inns":16,"NO":3,"Runs":488,"HS":"78","Avg":"37.53","BF":"300","SR":162.66,"Century":0,"Fifty":3,"Fours":37,"Sixs":27},{"POS":16,"PLAYER":"Hardik Pandya","Mat":16,"Inns":15,"NO":6,"Runs":402,"HS":"91","Avg":"44.66","BF":"210","SR":191.42,"Century":0,"Fifty":1,"Fours":28,"Sixs":29},{"POS":6,"PLAYER":"Chris Gayle","Mat":13,"Inns":13,"NO":1,"Runs":490,"HS":"99","Avg":"40.83","BF":"319","SR":153.6,"Century":0,"Fifty":4,"Fours":45,"Sixs":34},{"POS":5,"PLAYER":"Andre Russell","Mat":14,"Inns":13,"NO":4,"Runs":510,"HS":"80","Avg":"56.66","BF":"249","SR":204.81,"Century":0,"Fifty":4,"Fours":31,"Sixs":52}]
]]></system-out>
  <system-err><![CDATA[]]></system-err>
</testsuite>
